<?xml version="1.0" encoding="utf-8"?>
<coverage line-rate="0.9014" branch-rate="0.8421" version="1.9" timestamp="1765062404" lines-covered="64" lines-valid="71" branches-covered="32" branches-valid="38">
  <sources>
    <source>C:\dev\GIT\Overlord\Overlord.Core\Overlord.Core\</source>
  </sources>
  <packages>
    <package name="Overlord.Core" line-rate="0.9014" branch-rate="0.8421" complexity="80">
      <classes>
        <class name="Overlord.Core.GameState" filename="GameState.cs" line-rate="1" branch-rate="0.8571" complexity="26">
          <methods>
            <method name="get_CurrentTurn" signature="()" line-rate="1" branch-rate="1" complexity="1">
              <lines>
                <line number="14" hits="12" branch="False" />
              </lines>
            </method>
            <method name="get_CurrentPhase" signature="()" line-rate="1" branch-rate="1" complexity="1">
              <lines>
                <line number="20" hits="9" branch="False" />
              </lines>
            </method>
            <method name="get_LastActionTime" signature="()" line-rate="1" branch-rate="1" complexity="1">
              <lines>
                <line number="25" hits="8" branch="False" />
              </lines>
            </method>
            <method name="get_Craft" signature="()" line-rate="1" branch-rate="1" complexity="1">
              <lines>
                <line number="30" hits="59" branch="False" />
              </lines>
            </method>
            <method name="get_Platoons" signature="()" line-rate="1" branch-rate="1" complexity="1">
              <lines>
                <line number="35" hits="45" branch="False" />
              </lines>
            </method>
            <method name="get_Planets" signature="()" line-rate="1" branch-rate="1" complexity="1">
              <lines>
                <line number="40" hits="26" branch="False" />
              </lines>
            </method>
            <method name="get_PlayerFaction" signature="()" line-rate="1" branch-rate="1" complexity="1">
              <lines>
                <line number="45" hits="9" branch="False" />
              </lines>
            </method>
            <method name="get_AIFaction" signature="()" line-rate="1" branch-rate="1" complexity="1">
              <lines>
                <line number="50" hits="9" branch="False" />
              </lines>
            </method>
            <method name="get_CraftLookup" signature="()" line-rate="1" branch-rate="1" complexity="1">
              <lines>
                <line number="56" hits="11" branch="False" />
              </lines>
            </method>
            <method name="get_PlatoonLookup" signature="()" line-rate="1" branch-rate="1" complexity="1">
              <lines>
                <line number="62" hits="11" branch="False" />
              </lines>
            </method>
            <method name="get_PlanetLookup" signature="()" line-rate="1" branch-rate="1" complexity="1">
              <lines>
                <line number="68" hits="11" branch="False" />
              </lines>
            </method>
            <method name="RebuildLookups" signature="()" line-rate="1" branch-rate="1" complexity="1">
              <lines>
                <line number="74" hits="1" branch="False" />
                <line number="75" hits="3" branch="False" />
                <line number="76" hits="2" branch="False" />
                <line number="77" hits="2" branch="False" />
                <line number="78" hits="1" branch="False" />
              </lines>
            </method>
            <method name="Validate" signature="()" line-rate="1" branch-rate="0.8571" complexity="14">
              <lines>
                <line number="85" hits="6" branch="False" />
                <line number="87" hits="7" branch="True" condition-coverage="100% (2/2)">
                  <conditions>
                    <condition number="18" type="jump" coverage="100%" />
                  </conditions>
                </line>
                <line number="88" hits="6" branch="True" condition-coverage="100% (2/2)">
                  <conditions>
                    <condition number="44" type="jump" coverage="100%" />
                  </conditions>
                </line>
                <line number="89" hits="5" branch="True" condition-coverage="100% (2/2)">
                  <conditions>
                    <condition number="69" type="jump" coverage="100%" />
                  </conditions>
                </line>
                <line number="92" hits="6" branch="True" condition-coverage="100% (2/2)">
                  <conditions>
                    <condition number="150" type="jump" coverage="100%" />
                  </conditions>
                </line>
                <line number="93" hits="2" branch="True" condition-coverage="50% (1/2)">
                  <conditions>
                    <condition number="231" type="jump" coverage="50%" />
                  </conditions>
                </line>
                <line number="94" hits="2" branch="True" condition-coverage="50% (1/2)">
                  <conditions>
                    <condition number="309" type="jump" coverage="50%" />
                  </conditions>
                </line>
                <line number="97" hits="3" branch="True" condition-coverage="100% (2/2)">
                  <conditions>
                    <condition number="328" type="jump" coverage="100%" />
                  </conditions>
                </line>
                <line number="99" hits="1" branch="False" />
                <line number="100" hits="6" branch="False" />
              </lines>
            </method>
          </methods>
          <lines>
            <line number="14" hits="12" branch="False" />
            <line number="20" hits="9" branch="False" />
            <line number="25" hits="8" branch="False" />
            <line number="30" hits="59" branch="False" />
            <line number="35" hits="45" branch="False" />
            <line number="40" hits="26" branch="False" />
            <line number="45" hits="9" branch="False" />
            <line number="50" hits="9" branch="False" />
            <line number="56" hits="11" branch="False" />
            <line number="62" hits="11" branch="False" />
            <line number="68" hits="11" branch="False" />
            <line number="74" hits="1" branch="False" />
            <line number="75" hits="3" branch="False" />
            <line number="76" hits="2" branch="False" />
            <line number="77" hits="2" branch="False" />
            <line number="78" hits="1" branch="False" />
            <line number="85" hits="6" branch="False" />
            <line number="87" hits="7" branch="True" condition-coverage="100% (2/2)">
              <conditions>
                <condition number="18" type="jump" coverage="100%" />
              </conditions>
            </line>
            <line number="88" hits="6" branch="True" condition-coverage="100% (2/2)">
              <conditions>
                <condition number="44" type="jump" coverage="100%" />
              </conditions>
            </line>
            <line number="89" hits="5" branch="True" condition-coverage="100% (2/2)">
              <conditions>
                <condition number="69" type="jump" coverage="100%" />
              </conditions>
            </line>
            <line number="92" hits="6" branch="True" condition-coverage="100% (2/2)">
              <conditions>
                <condition number="150" type="jump" coverage="100%" />
              </conditions>
            </line>
            <line number="93" hits="2" branch="True" condition-coverage="50% (1/2)">
              <conditions>
                <condition number="231" type="jump" coverage="50%" />
              </conditions>
            </line>
            <line number="94" hits="2" branch="True" condition-coverage="50% (1/2)">
              <conditions>
                <condition number="309" type="jump" coverage="50%" />
              </conditions>
            </line>
            <line number="97" hits="3" branch="True" condition-coverage="100% (2/2)">
              <conditions>
                <condition number="328" type="jump" coverage="100%" />
              </conditions>
            </line>
            <line number="99" hits="1" branch="False" />
            <line number="100" hits="6" branch="False" />
          </lines>
        </class>
        <class name="Overlord.Core.CraftEntity" filename="GameState.cs" line-rate="0.7142000000000001" branch-rate="1" complexity="7">
          <methods>
            <method name="get_ID" signature="()" line-rate="1" branch-rate="1" complexity="1">
              <lines>
                <line number="108" hits="41" branch="False" />
              </lines>
            </method>
            <method name="get_Name" signature="()" line-rate="1" branch-rate="1" complexity="1">
              <lines>
                <line number="109" hits="40" branch="False" />
              </lines>
            </method>
            <method name="get_PlanetID" signature="()" line-rate="0" branch-rate="1" complexity="1">
              <lines>
                <line number="110" hits="0" branch="False" />
              </lines>
            </method>
            <method name="get_Owner" signature="()" line-rate="0" branch-rate="1" complexity="1">
              <lines>
                <line number="111" hits="0" branch="False" />
              </lines>
            </method>
            <method name="get_Health" signature="()" line-rate="1" branch-rate="1" complexity="1">
              <lines>
                <line number="112" hits="37" branch="False" />
              </lines>
            </method>
            <method name="get_Attack" signature="()" line-rate="1" branch-rate="1" complexity="1">
              <lines>
                <line number="113" hits="37" branch="False" />
              </lines>
            </method>
            <method name="get_Defense" signature="()" line-rate="1" branch-rate="1" complexity="1">
              <lines>
                <line number="114" hits="37" branch="False" />
              </lines>
            </method>
          </methods>
          <lines>
            <line number="108" hits="41" branch="False" />
            <line number="109" hits="40" branch="False" />
            <line number="110" hits="0" branch="False" />
            <line number="111" hits="0" branch="False" />
            <line number="112" hits="37" branch="False" />
            <line number="113" hits="37" branch="False" />
            <line number="114" hits="37" branch="False" />
          </lines>
        </class>
        <class name="Overlord.Core.PlatoonEntity" filename="GameState.cs" line-rate="0.6" branch-rate="1" complexity="5">
          <methods>
            <method name="get_ID" signature="()" line-rate="1" branch-rate="1" complexity="1">
              <lines>
                <line number="122" hits="27" branch="False" />
              </lines>
            </method>
            <method name="get_Name" signature="()" line-rate="1" branch-rate="1" complexity="1">
              <lines>
                <line number="123" hits="28" branch="False" />
              </lines>
            </method>
            <method name="get_PlanetID" signature="()" line-rate="0" branch-rate="1" complexity="1">
              <lines>
                <line number="124" hits="0" branch="False" />
              </lines>
            </method>
            <method name="get_Owner" signature="()" line-rate="0" branch-rate="1" complexity="1">
              <lines>
                <line number="125" hits="0" branch="False" />
              </lines>
            </method>
            <method name="get_Strength" signature="()" line-rate="1" branch-rate="1" complexity="1">
              <lines>
                <line number="126" hits="26" branch="False" />
              </lines>
            </method>
          </methods>
          <lines>
            <line number="122" hits="27" branch="False" />
            <line number="123" hits="28" branch="False" />
            <line number="124" hits="0" branch="False" />
            <line number="125" hits="0" branch="False" />
            <line number="126" hits="26" branch="False" />
          </lines>
        </class>
        <class name="Overlord.Core.PlanetEntity" filename="GameState.cs" line-rate="0.6" branch-rate="1" complexity="5">
          <methods>
            <method name="get_ID" signature="()" line-rate="1" branch-rate="1" complexity="1">
              <lines>
                <line number="134" hits="9" branch="False" />
              </lines>
            </method>
            <method name="get_Name" signature="()" line-rate="1" branch-rate="1" complexity="1">
              <lines>
                <line number="135" hits="10" branch="False" />
              </lines>
            </method>
            <method name="get_Owner" signature="()" line-rate="0" branch-rate="1" complexity="1">
              <lines>
                <line number="136" hits="0" branch="False" />
              </lines>
            </method>
            <method name="get_Resources" signature="()" line-rate="1" branch-rate="1" complexity="1">
              <lines>
                <line number="137" hits="8" branch="False" />
              </lines>
            </method>
            <method name="get_Population" signature="()" line-rate="0" branch-rate="1" complexity="1">
              <lines>
                <line number="138" hits="0" branch="False" />
              </lines>
            </method>
          </methods>
          <lines>
            <line number="134" hits="9" branch="False" />
            <line number="135" hits="10" branch="False" />
            <line number="136" hits="0" branch="False" />
            <line number="137" hits="8" branch="False" />
            <line number="138" hits="0" branch="False" />
          </lines>
        </class>
        <class name="Overlord.Core.FactionState" filename="GameState.cs" line-rate="0.5" branch-rate="1" complexity="2">
          <methods>
            <method name="get_OwnedPlanetIDs" signature="()" line-rate="1" branch-rate="1" complexity="1">
              <lines>
                <line number="146" hits="16" branch="False" />
              </lines>
            </method>
            <method name="get_MilitaryStrength" signature="()" line-rate="0" branch-rate="1" complexity="1">
              <lines>
                <line number="147" hits="0" branch="False" />
              </lines>
            </method>
          </methods>
          <lines>
            <line number="146" hits="16" branch="False" />
            <line number="147" hits="0" branch="False" />
          </lines>
        </class>
        <class name="Overlord.Core.ResourceCollection" filename="GameState.cs" line-rate="1" branch-rate="1" complexity="14">
          <methods>
            <method name="get_Credits" signature="()" line-rate="1" branch-rate="1" complexity="1">
              <lines>
                <line number="155" hits="8" branch="False" />
              </lines>
            </method>
            <method name="get_Minerals" signature="()" line-rate="1" branch-rate="1" complexity="1">
              <lines>
                <line number="156" hits="7" branch="False" />
              </lines>
            </method>
            <method name="get_Fuel" signature="()" line-rate="1" branch-rate="1" complexity="1">
              <lines>
                <line number="157" hits="4" branch="False" />
              </lines>
            </method>
            <method name="get_Food" signature="()" line-rate="1" branch-rate="1" complexity="1">
              <lines>
                <line number="158" hits="3" branch="False" />
              </lines>
            </method>
            <method name="get_Energy" signature="()" line-rate="1" branch-rate="1" complexity="1">
              <lines>
                <line number="159" hits="3" branch="False" />
              </lines>
            </method>
            <method name="Add" signature="(Overlord.Core.Models.ResourceDelta)" line-rate="1" branch-rate="1" complexity="1">
              <lines>
                <line number="165" hits="1" branch="False" />
                <line number="166" hits="1" branch="False" />
                <line number="167" hits="1" branch="False" />
                <line number="168" hits="1" branch="False" />
                <line number="169" hits="1" branch="False" />
                <line number="170" hits="1" branch="False" />
                <line number="171" hits="1" branch="False" />
              </lines>
            </method>
            <method name="CanAfford" signature="(Overlord.Core.Models.ResourceDelta)" line-rate="1" branch-rate="1" complexity="8">
              <lines>
                <line number="177" hits="2" branch="False" />
                <line number="178" hits="2" branch="True" condition-coverage="100% (8/8)">
                  <conditions>
                    <condition number="15" type="jump" coverage="100%" />
                    <condition number="31" type="jump" coverage="100%" />
                    <condition number="47" type="jump" coverage="100%" />
                    <condition number="63" type="jump" coverage="100%" />
                  </conditions>
                </line>
                <line number="179" hits="2" branch="False" />
                <line number="180" hits="2" branch="False" />
                <line number="181" hits="2" branch="False" />
                <line number="182" hits="2" branch="False" />
                <line number="183" hits="2" branch="False" />
              </lines>
            </method>
          </methods>
          <lines>
            <line number="155" hits="8" branch="False" />
            <line number="156" hits="7" branch="False" />
            <line number="157" hits="4" branch="False" />
            <line number="158" hits="3" branch="False" />
            <line number="159" hits="3" branch="False" />
            <line number="165" hits="1" branch="False" />
            <line number="166" hits="1" branch="False" />
            <line number="167" hits="1" branch="False" />
            <line number="168" hits="1" branch="False" />
            <line number="169" hits="1" branch="False" />
            <line number="170" hits="1" branch="False" />
            <line number="171" hits="1" branch="False" />
            <line number="177" hits="2" branch="False" />
            <line number="178" hits="2" branch="True" condition-coverage="100% (8/8)">
              <conditions>
                <condition number="15" type="jump" coverage="100%" />
                <condition number="31" type="jump" coverage="100%" />
                <condition number="47" type="jump" coverage="100%" />
                <condition number="63" type="jump" coverage="100%" />
              </conditions>
            </line>
            <line number="179" hits="2" branch="False" />
            <line number="180" hits="2" branch="False" />
            <line number="181" hits="2" branch="False" />
            <line number="182" hits="2" branch="False" />
            <line number="183" hits="2" branch="False" />
          </lines>
        </class>
        <class name="Overlord.Core.Models.ResourceDelta" filename="Models\ResourceDelta.cs" line-rate="1" branch-rate="0.75" complexity="21">
          <methods>
            <method name="get_Credits" signature="()" line-rate="1" branch-rate="1" complexity="1">
              <lines>
                <line number="11" hits="11" branch="False" />
              </lines>
            </method>
            <method name="get_Minerals" signature="()" line-rate="1" branch-rate="1" complexity="1">
              <lines>
                <line number="16" hits="10" branch="False" />
              </lines>
            </method>
            <method name="get_Fuel" signature="()" line-rate="1" branch-rate="1" complexity="1">
              <lines>
                <line number="21" hits="6" branch="False" />
              </lines>
            </method>
            <method name="get_Food" signature="()" line-rate="1" branch-rate="1" complexity="1">
              <lines>
                <line number="26" hits="4" branch="False" />
              </lines>
            </method>
            <method name="get_Energy" signature="()" line-rate="1" branch-rate="1" complexity="1">
              <lines>
                <line number="31" hits="4" branch="False" />
              </lines>
            </method>
            <method name="get_IsZero" signature="()" line-rate="1" branch-rate="0.5" complexity="8">
              <lines>
                <line number="36" hits="1" branch="True" condition-coverage="50% (4/8)">
                  <conditions>
                    <condition number="6" type="jump" coverage="50%" />
                    <condition number="14" type="jump" coverage="50%" />
                    <condition number="22" type="jump" coverage="50%" />
                    <condition number="30" type="jump" coverage="50%" />
                  </conditions>
                </line>
              </lines>
            </method>
            <method name="get_IsPositive" signature="()" line-rate="1" branch-rate="1" complexity="8">
              <lines>
                <line number="41" hits="2" branch="True" condition-coverage="100% (8/8)">
                  <conditions>
                    <condition number="7" type="jump" coverage="100%" />
                    <condition number="16" type="jump" coverage="100%" />
                    <condition number="25" type="jump" coverage="100%" />
                    <condition number="34" type="jump" coverage="100%" />
                  </conditions>
                </line>
              </lines>
            </method>
          </methods>
          <lines>
            <line number="11" hits="11" branch="False" />
            <line number="16" hits="10" branch="False" />
            <line number="21" hits="6" branch="False" />
            <line number="26" hits="4" branch="False" />
            <line number="31" hits="4" branch="False" />
            <line number="36" hits="1" branch="True" condition-coverage="50% (4/8)">
              <conditions>
                <condition number="6" type="jump" coverage="50%" />
                <condition number="14" type="jump" coverage="50%" />
                <condition number="22" type="jump" coverage="50%" />
                <condition number="30" type="jump" coverage="50%" />
              </conditions>
            </line>
            <line number="41" hits="2" branch="True" condition-coverage="100% (8/8)">
              <conditions>
                <condition number="7" type="jump" coverage="100%" />
                <condition number="16" type="jump" coverage="100%" />
                <condition number="25" type="jump" coverage="100%" />
                <condition number="34" type="jump" coverage="100%" />
              </conditions>
            </line>
          </lines>
        </class>
      </classes>
    </package>
  </packages>
</coverage>